2 3
3 2

2 3 3
3 2 3
3 3 2
2 2 2 3 31
2 2 2 5 29
2 2 2 11 23
2 2 2 17 17
2 2 2 23 11
2 2 2 29 5
2 2 2 31 3
2 2 3 2 31
2 2 3 31 2
2 2 5 2 29
2 2 5 29 2
2 2 11 2 23
2 2 11 23 2
2 2 17 2 17
2 2 17 17 2
2 2 23 2 11
2 2 23 11 2
2 2 29 2 5
2 2 29 5 2
2 2 31 2 3
2 2 31 3 2
2 3 2 2 31
2 3 2 31 2
2 3 3 3 29
2 3 3 13 19
2 3 3 19 13
2 3 3 29 3
2 3 5 7 23
2 3 5 11 19
2 3 5 13 17
2 3 5 17 13
2 3 5 19 11
2 3 5 23 7
2 3 7 5 23
2 3 7 11 17
2 3 7 17 11
2 3 7 23 5
2 3 11 5 19
2 3 11 7 17
2 3 11 11 13
2 3 11 13 11
2 3 11 17 7
2 3 11 19 5
2 3 13 3 19
2 3 13 5 17
2 3 13 11 11
2 3 13 17 5
2 3 13 19 3
2 3 17 5 13
2 3 17 7 11
2 3 17 11 7
2 3 17 13 5
2 3 19 3 13
2 3 19 5 11
2 3 19 11 5
2 3 19 13 3
2 3 23 5 7
2 3 23 7 5
2 3 29 3 3
2 3 31 2 2
2 5 2 2 29
2 5 2 29 2
2 5 3 7 23
2 5 3 11 19
2 5 3 13 17
2 5 3 17 13
2 5 3 19 11
2 5 3 23 7
2 5 5 5 23
2 5 5 11 17
2 5 5 17 11
2 5 5 23 5
2 5 7 3 23
2 5 7 7 19
2 5 7 13 13
2 5 7 19 7
2 5 7 23 3
2 5 11 3 19
2 5 11 5 17
2 5 11 11 11
2 5 11 17 5
2 5 11 19 3
2 5 13 3 17
2 5 13 7 13
2 5 13 13 7
2 5 13 17 3
2 5 17 3 13
2 5 17 5 11
2 5 17 11 5
2 5 17 13 3
2 5 19 3 11
2 5 19 7 7
2 5 19 11 3
2 5 23 3 7
2 5 23 5 5
2 5 23 7 3
2 5 29 2 2
2 7 3 5 23
2 7 3 11 17
2 7 3 17 11
2 7 3 23 5
2 7 5 3 23
2 7 5 7 19
2 7 5 13 13
2 7 5 19 7
2 7 5 23 3
2 7 7 5 19
2 7 7 7 17
2 7 7 11 13
2 7 7 13 11
2 7 7 17 7
2 7 7 19 5
2 7 11 3 17
2 7 11 7 13
2 7 11 13 7
2 7 11 17 3
2 7 13 5 13
2 7 13 7 11
2 7 13 11 7
2 7 13 13 5
2 7 17 3 11
2 7 17 7 7
2 7 17 11 3
2 7 19 5 7
2 7 19 7 5
2 7 23 3 5
2 7 23 5 3
2 11 2 2 23
2 11 2 23 2
2 11 3 5 19
2 11 3 7 17
2 11 3 11 13
2 11 3 13 11
2 11 3 17 7
2 11 3 19 5
2 11 5 3 19
2 11 5 5 17
2 11 5 11 11
2 11 5 17 5
2 11 5 19 3
2 11 7 3 17
2 11 7 7 13
2 11 7 13 7
2 11 7 17 3
2 11 11 3 13
2 11 11 5 11
2 11 11 11 5
2 11 11 13 3
2 11 13 3 11
2 11 13 7 7
2 11 13 11 3
2 11 17 3 7
2 11 17 5 5
2 11 17 7 3
2 11 19 3 5
2 11 19 5 3
2 11 23 2 2
2 13 3 3 19
2 13 3 5 17
2 13 3 11 11
2 13 3 17 5
2 13 3 19 3
2 13 5 3 17
2 13 5 7 13
2 13 5 13 7
2 13 5 17 3
2 13 7 5 13
2 13 7 7 11
2 13 7 11 7
2 13 7 13 5
2 13 11 3 11
2 13 11 7 7
2 13 11 11 3
2 13 13 5 7
2 13 13 7 5
2 13 17 3 5
2 13 17 5 3
2 13 19 3 3
2 17 2 2 17
2 17 2 17 2
2 17 3 5 13
2 17 3 7 11
2 17 3 11 7
2 17 3 13 5
2 17 5 3 13
2 17 5 5 11
2 17 5 11 5
2 17 5 13 3
2 17 7 3 11
2 17 7 7 7
2 17 7 11 3
2 17 11 3 7
2 17 11 5 5
2 17 11 7 3
2 17 13 3 5
2 17 13 5 3
2 17 17 2 2
2 19 3 3 13
2 19 3 5 11
2 19 3 11 5
2 19 3 13 3
2 19 5 3 11
2 19 5 7 7
2 19 5 11 3
2 19 7 5 7
2 19 7 7 5
2 19 11 3 5
2 19 11 5 3
2 19 13 3 3
2 23 2 2 11
2 23 2 11 2
2 23 3 5 7
2 23 3 7 5
2 23 5 3 7
2 23 5 5 5
2 23 5 7 3
2 23 7 3 5
2 23 7 5 3
2 23 11 2 2
2 29 2 2 5
2 29 2 5 2
2 29 3 3 3
2 29 5 2 2
2 31 2 2 3
2 31 2 3 2
2 31 3 2 2
3 2 2 2 31
3 2 2 31 2
3 2 3 3 29
3 2 3 13 19
3 2 3 19 13
3 2 3 29 3
3 2 5 7 23
3 2 5 11 19
3 2 5 13 17
3 2 5 17 13
3 2 5 19 11
3 2 5 23 7
3 2 7 5 23
3 2 7 11 17
3 2 7 17 11
3 2 7 23 5
3 2 11 5 19
3 2 11 7 17
3 2 11 11 13
3 2 11 13 11
3 2 11 17 7
3 2 11 19 5
3 2 13 3 19
3 2 13 5 17
3 2 13 11 11
3 2 13 17 5
3 2 13 19 3
3 2 17 5 13
3 2 17 7 11
3 2 17 11 7
3 2 17 13 5
3 2 19 3 13
3 2 19 5 11
3 2 19 11 5
3 2 19 13 3
3 2 23 5 7
3 2 23 7 5
3 2 29 3 3
3 2 31 2 2
3 3 2 3 29
3 3 2 13 19
3 3 2 19 13
3 3 2 29 3
3 3 3 2 29
3 3 3 29 2
3 3 13 2 19
3 3 13 19 2
3 3 19 2 13
3 3 19 13 2
3 3 29 2 3
3 3 29 3 2
3 5 2 7 23
3 5 2 11 19
3 5 2 13 17
3 5 2 17 13
3 5 2 19 11
3 5 2 23 7
3 5 7 2 23
3 5 7 23 2
3 5 11 2 19
3 5 11 19 2
3 5 13 2 17
3 5 13 17 2
3 5 17 2 13
3 5 17 13 2
3 5 19 2 11
3 5 19 11 2
3 5 23 2 7
3 5 23 7 2
3 7 2 5 23
3 7 2 11 17
3 7 2 17 11
3 7 2 23 5
3 7 5 2 23
3 7 5 23 2
3 7 11 2 17
3 7 11 17 2
3 7 17 2 11
3 7 17 11 2
3 7 23 2 5
3 7 23 5 2
3 11 2 5 19
3 11 2 7 17
3 11 2 11 13
3 11 2 13 11
3 11 2 17 7
3 11 2 19 5
3 11 5 2 19
3 11 5 19 2
3 11 7 2 17
3 11 7 17 2
3 11 11 2 13
3 11 11 13 2
3 11 13 2 11
3 11 13 11 2
3 11 17 2 7
3 11 17 7 2
3 11 19 2 5
3 11 19 5 2
3 13 2 3 19
3 13 2 5 17
3 13 2 11 11
3 13 2 17 5
3 13 2 19 3
3 13 3 2 19
3 13 3 19 2
3 13 5 2 17
3 13 5 17 2
3 13 11 2 11
3 13 11 11 2
3 13 17 2 5
3 13 17 5 2
3 13 19 2 3
3 13 19 3 2
3 17 2 5 13
3 17 2 7 11
3 17 2 11 7
3 17 2 13 5
3 17 5 2 13
3 17 5 13 2
3 17 7 2 11
3 17 7 11 2
3 17 11 2 7
3 17 11 7 2
3 17 13 2 5
3 17 13 5 2
3 19 2 3 13
3 19 2 5 11
3 19 2 11 5
3 19 2 13 3
3 19 3 2 13
3 19 3 13 2
3 19 5 2 11
3 19 5 11 2
3 19 11 2 5
3 19 11 5 2
3 19 13 2 3
3 19 13 3 2
3 23 2 5 7
3 23 2 7 5
3 23 5 2 7
3 23 5 7 2
3 23 7 2 5
3 23 7 5 2
3 29 2 3 3
3 29 3 2 3
3 29 3 3 2
3 31 2 2 2
5 2 2 2 29
5 2 2 29 2
5 2 3 7 23
5 2 3 11 19
5 2 3 13 17
5 2 3 17 13
5 2 3 19 11
5 2 3 23 7
5 2 5 5 23
5 2 5 11 17
5 2 5 17 11
5 2 5 23 5
5 2 7 3 23
5 2 7 7 19
5 2 7 13 13
5 2 7 19 7
5 2 7 23 3
5 2 11 3 19
5 2 11 5 17
5 2 11 11 11
5 2 11 17 5
5 2 11 19 3
5 2 13 3 17
5 2 13 7 13
5 2 13 13 7
5 2 13 17 3
5 2 17 3 13
5 2 17 5 11
5 2 17 11 5
5 2 17 13 3
5 2 19 3 11
5 2 19 7 7
5 2 19 11 3
5 2 23 3 7
5 2 23 5 5
5 2 23 7 3
5 2 29 2 2
5 3 2 7 23
5 3 2 11 19
5 3 2 13 17
5 3 2 17 13
5 3 2 19 11
5 3 2 23 7
5 3 7 2 23
5 3 7 23 2
5 3 11 2 19
5 3 11 19 2
5 3 13 2 17
5 3 13 17 2
5 3 17 2 13
5 3 17 13 2
5 3 19 2 11
5 3 19 11 2
5 3 23 2 7
5 3 23 7 2
5 5 2 5 23
5 5 2 11 17
5 5 2 17 11
5 5 2 23 5
5 5 5 2 23
5 5 5 23 2
5 5 11 2 17
5 5 11 17 2
5 5 17 2 11
5 5 17 11 2
5 5 23 2 5
5 5 23 5 2
5 7 2 3 23
5 7 2 7 19
5 7 2 13 13
5 7 2 19 7
5 7 2 23 3
5 7 3 2 23
5 7 3 23 2
5 7 7 2 19
5 7 7 19 2
5 7 13 2 13
5 7 13 13 2
5 7 19 2 7
5 7 19 7 2
5 7 23 2 3
5 7 23 3 2
5 11 2 3 19
5 11 2 5 17
5 11 2 11 11
5 11 2 17 5
5 11 2 19 3
5 11 3 2 19
5 11 3 19 2
5 11 5 2 17
5 11 5 17 2
5 11 11 2 11
5 11 11 11 2
5 11 17 2 5
5 11 17 5 2
5 11 19 2 3
5 11 19 3 2
5 13 2 3 17
5 13 2 7 13
5 13 2 13 7
5 13 2 17 3
5 13 3 2 17
5 13 3 17 2
5 13 7 2 13
5 13 7 13 2
5 13 13 2 7
5 13 13 7 2
5 13 17 2 3
5 13 17 3 2
5 17 2 3 13
5 17 2 5 11
5 17 2 11 5
5 17 2 13 3
5 17 3 2 13
5 17 3 13 2
5 17 5 2 11
5 17 5 11 2
5 17 11 2 5
5 17 11 5 2
5 17 13 2 3
5 17 13 3 2
5 19 2 3 11
5 19 2 7 7
5 19 2 11 3
5 19 3 2 11
5 19 3 11 2
5 19 7 2 7
5 19 7 7 2
5 19 11 2 3
5 19 11 3 2
5 23 2 3 7
5 23 2 5 5
5 23 2 7 3
5 23 3 2 7
5 23 3 7 2
5 23 5 2 5
5 23 5 5 2
5 23 7 2 3
5 23 7 3 2
5 29 2 2 2
7 2 3 5 23
7 2 3 11 17
7 2 3 17 11
7 2 3 23 5
7 2 5 3 23
7 2 5 7 19
7 2 5 13 13
7 2 5 19 7
7 2 5 23 3
7 2 7 5 19
7 2 7 7 17
7 2 7 11 13
7 2 7 13 11
7 2 7 17 7
7 2 7 19 5
7 2 11 3 17
7 2 11 7 13
7 2 11 13 7
7 2 11 17 3
7 2 13 5 13
7 2 13 7 11
7 2 13 11 7
7 2 13 13 5
7 2 17 3 11
7 2 17 7 7
7 2 17 11 3
7 2 19 5 7
7 2 19 7 5
7 2 23 3 5
7 2 23 5 3
7 3 2 5 23
7 3 2 11 17
7 3 2 17 11
7 3 2 23 5
7 3 5 2 23
7 3 5 23 2
7 3 11 2 17
7 3 11 17 2
7 3 17 2 11
7 3 17 11 2
7 3 23 2 5
7 3 23 5 2
7 5 2 3 23
7 5 2 7 19
7 5 2 13 13
7 5 2 19 7
7 5 2 23 3
7 5 3 2 23
7 5 3 23 2
7 5 7 2 19
7 5 7 19 2
7 5 13 2 13
7 5 13 13 2
7 5 19 2 7
7 5 19 7 2
7 5 23 2 3
7 5 23 3 2
7 7 2 5 19
7 7 2 7 17
7 7 2 11 13
7 7 2 13 11
7 7 2 17 7
7 7 2 19 5
7 7 5 2 19
7 7 5 19 2
7 7 7 2 17
7 7 7 17 2
7 7 11 2 13
7 7 11 13 2
7 7 13 2 11
7 7 13 11 2
7 7 17 2 7
7 7 17 7 2
7 7 19 2 5
7 7 19 5 2
7 11 2 3 17
7 11 2 7 13
7 11 2 13 7
7 11 2 17 3
7 11 3 2 17
7 11 3 17 2
7 11 7 2 13
7 11 7 13 2
7 11 13 2 7
7 11 13 7 2
7 11 17 2 3
7 11 17 3 2
7 13 2 5 13
7 13 2 7 11
7 13 2 11 7
7 13 2 13 5
7 13 5 2 13
7 13 5 13 2
7 13 7 2 11
7 13 7 11 2
7 13 11 2 7
7 13 11 7 2
7 13 13 2 5
7 13 13 5 2
7 17 2 3 11
7 17 2 7 7
7 17 2 11 3
7 17 3 2 11
7 17 3 11 2
7 17 7 2 7
7 17 7 7 2
7 17 11 2 3
7 17 11 3 2
7 19 2 5 7
7 19 2 7 5
7 19 5 2 7
7 19 5 7 2
7 19 7 2 5
7 19 7 5 2
7 23 2 3 5
7 23 2 5 3
7 23 3 2 5
7 23 3 5 2
7 23 5 2 3
7 23 5 3 2
11 2 2 2 23
11 2 2 23 2
11 2 3 5 19
11 2 3 7 17
11 2 3 11 13
11 2 3 13 11
11 2 3 17 7
11 2 3 19 5
11 2 5 3 19
11 2 5 5 17
11 2 5 11 11
11 2 5 17 5
11 2 5 19 3
11 2 7 3 17
11 2 7 7 13
11 2 7 13 7
11 2 7 17 3
11 2 11 3 13
11 2 11 5 11
11 2 11 11 5
11 2 11 13 3
11 2 13 3 11
11 2 13 7 7
11 2 13 11 3
11 2 17 3 7
11 2 17 5 5
11 2 17 7 3
11 2 19 3 5
11 2 19 5 3
11 2 23 2 2
11 3 2 5 19
11 3 2 7 17
11 3 2 11 13
11 3 2 13 11
11 3 2 17 7
11 3 2 19 5
11 3 5 2 19
11 3 5 19 2
11 3 7 2 17
11 3 7 17 2
11 3 11 2 13
11 3 11 13 2
11 3 13 2 11
11 3 13 11 2
11 3 17 2 7
11 3 17 7 2
11 3 19 2 5
11 3 19 5 2
11 5 2 3 19
11 5 2 5 17
11 5 2 11 11
11 5 2 17 5
11 5 2 19 3
11 5 3 2 19
11 5 3 19 2
11 5 5 2 17
11 5 5 17 2
11 5 11 2 11
11 5 11 11 2
11 5 17 2 5
11 5 17 5 2
11 5 19 2 3
11 5 19 3 2
11 7 2 3 17
11 7 2 7 13
11 7 2 13 7
11 7 2 17 3
11 7 3 2 17
11 7 3 17 2
11 7 7 2 13
11 7 7 13 2
11 7 13 2 7
11 7 13 7 2
11 7 17 2 3
11 7 17 3 2
11 11 2 3 13
11 11 2 5 11
11 11 2 11 5
11 11 2 13 3
11 11 3 2 13
11 11 3 13 2
11 11 5 2 11
11 11 5 11 2
11 11 11 2 5
11 11 11 5 2
11 11 13 2 3
11 11 13 3 2
11 13 2 3 11
11 13 2 7 7
11 13 2 11 3
11 13 3 2 11
11 13 3 11 2
11 13 7 2 7
11 13 7 7 2
11 13 11 2 3
11 13 11 3 2
11 17 2 3 7
11 17 2 5 5
11 17 2 7 3
11 17 3 2 7
11 17 3 7 2
11 17 5 2 5
11 17 5 5 2
11 17 7 2 3
11 17 7 3 2
11 19 2 3 5
11 19 2 5 3
11 19 3 2 5
11 19 3 5 2
11 19 5 2 3
11 19 5 3 2
11 23 2 2 2
13 2 3 3 19
13 2 3 5 17
13 2 3 11 11
13 2 3 17 5
13 2 3 19 3
13 2 5 3 17
13 2 5 7 13
13 2 5 13 7
13 2 5 17 3
13 2 7 5 13
13 2 7 7 11
13 2 7 11 7
13 2 7 13 5
13 2 11 3 11
13 2 11 7 7
13 2 11 11 3
13 2 13 5 7
13 2 13 7 5
13 2 17 3 5
13 2 17 5 3
13 2 19 3 3
13 3 2 3 19
13 3 2 5 17
13 3 2 11 11
13 3 2 17 5
13 3 2 19 3
13 3 3 2 19
13 3 3 19 2
13 3 5 2 17
13 3 5 17 2
13 3 11 2 11
13 3 11 11 2
13 3 17 2 5
13 3 17 5 2
13 3 19 2 3
13 3 19 3 2
13 5 2 3 17
13 5 2 7 13
13 5 2 13 7
13 5 2 17 3
13 5 3 2 17
13 5 3 17 2
13 5 7 2 13
13 5 7 13 2
13 5 13 2 7
13 5 13 7 2
13 5 17 2 3
13 5 17 3 2
13 7 2 5 13
13 7 2 7 11
13 7 2 11 7
13 7 2 13 5
13 7 5 2 13
13 7 5 13 2
13 7 7 2 11
13 7 7 11 2
13 7 11 2 7
13 7 11 7 2
13 7 13 2 5
13 7 13 5 2
13 11 2 3 11
13 11 2 7 7
13 11 2 11 3
13 11 3 2 11
13 11 3 11 2
13 11 7 2 7
13 11 7 7 2
13 11 11 2 3
13 11 11 3 2
13 13 2 5 7
13 13 2 7 5
13 13 5 2 7
13 13 5 7 2
13 13 7 2 5
13 13 7 5 2
13 17 2 3 5
13 17 2 5 3
13 17 3 2 5
13 17 3 5 2
13 17 5 2 3
13 17 5 3 2
13 19 2 3 3
13 19 3 2 3
13 19 3 3 2
17 2 2 2 17
17 2 2 17 2
17 2 3 5 13
17 2 3 7 11
17 2 3 11 7
17 2 3 13 5
17 2 5 3 13
17 2 5 5 11
17 2 5 11 5
17 2 5 13 3
17 2 7 3 11
17 2 7 7 7
17 2 7 11 3
17 2 11 3 7
17 2 11 5 5
17 2 11 7 3
17 2 13 3 5
17 2 13 5 3
17 2 17 2 2
17 3 2 5 13
17 3 2 7 11
17 3 2 11 7
17 3 2 13 5
17 3 5 2 13
17 3 5 13 2
17 3 7 2 11
17 3 7 11 2
17 3 11 2 7
17 3 11 7 2
17 3 13 2 5
17 3 13 5 2
17 5 2 3 13
17 5 2 5 11
17 5 2 11 5
17 5 2 13 3
17 5 3 2 13
17 5 3 13 2
17 5 5 2 11
17 5 5 11 2
17 5 11 2 5
17 5 11 5 2
17 5 13 2 3
17 5 13 3 2
17 7 2 3 11
17 7 2 7 7
17 7 2 11 3
17 7 3 2 11
17 7 3 11 2
17 7 7 2 7
17 7 7 7 2
17 7 11 2 3
17 7 11 3 2
17 11 2 3 7
17 11 2 5 5
17 11 2 7 3
17 11 3 2 7
17 11 3 7 2
17 11 5 2 5
17 11 5 5 2
17 11 7 2 3
17 11 7 3 2
17 13 2 3 5
17 13 2 5 3
17 13 3 2 5
17 13 3 5 2
17 13 5 2 3
17 13 5 3 2
17 17 2 2 2
19 2 3 3 13
19 2 3 5 11
19 2 3 11 5
19 2 3 13 3
19 2 5 3 11
19 2 5 7 7
19 2 5 11 3
19 2 7 5 7
19 2 7 7 5
19 2 11 3 5
19 2 11 5 3
19 2 13 3 3
19 3 2 3 13
19 3 2 5 11
19 3 2 11 5
19 3 2 13 3
19 3 3 2 13
19 3 3 13 2
19 3 5 2 11
19 3 5 11 2
19 3 11 2 5
19 3 11 5 2
19 3 13 2 3
19 3 13 3 2
19 5 2 3 11
19 5 2 7 7
19 5 2 11 3
19 5 3 2 11
19 5 3 11 2
19 5 7 2 7
19 5 7 7 2
19 5 11 2 3
19 5 11 3 2
19 7 2 5 7
19 7 2 7 5
19 7 5 2 7
19 7 5 7 2
19 7 7 2 5
19 7 7 5 2
19 11 2 3 5
19 11 2 5 3
19 11 3 2 5
19 11 3 5 2
19 11 5 2 3
19 11 5 3 2
19 13 2 3 3
19 13 3 2 3
19 13 3 3 2
23 2 2 2 11
23 2 2 11 2
23 2 3 5 7
23 2 3 7 5
23 2 5 3 7
23 2 5 5 5
23 2 5 7 3
23 2 7 3 5
23 2 7 5 3
23 2 11 2 2
23 3 2 5 7
23 3 2 7 5
23 3 5 2 7
23 3 5 7 2
23 3 7 2 5
23 3 7 5 2
23 5 2 3 7
23 5 2 5 5
23 5 2 7 3
23 5 3 2 7
23 5 3 7 2
23 5 5 2 5
23 5 5 5 2
23 5 7 2 3
23 5 7 3 2
23 7 2 3 5
23 7 2 5 3
23 7 3 2 5
23 7 3 5 2
23 7 5 2 3
23 7 5 3 2
23 11 2 2 2
29 2 2 2 5
29 2 2 5 2
29 2 3 3 3
29 2 5 2 2
29 3 2 3 3
29 3 3 2 3
29 3 3 3 2
29 5 2 2 2
31 2 2 2 3
31 2 2 3 2
31 2 3 2 2
31 3 2 2 2
